<?xml version="1.0" encoding="UTF-8"?>
<!-- Generated by org.testng.reporters.JUnitReportReporter -->
<testsuite hostname="CjsR" failures="0" tests="1" name="Testcases.Logintestcase" time="49.406" errors="0" timestamp="2024-06-24T13:08:24 IST" skipped="0">
  <testcase classname="Testcases.Logintestcase" name="Login" time="49.406"/>
  <system-out/>
</testsuite> <!-- Testcases.Logintestcase -->
